<?xml version="1.0" encoding="UTF-8"?>
<!-- Generated by org.testng.reporters.JUnitXMLReporter -->
<testsuite ignored="0" hostname="DESKTOP-BPMLV0Q" failures="0" tests="4" name="Default test" time="65.742" errors="0" timestamp="2020-06-16T10:41:44 IST">
  <testcase classname="utility.Autotest" name="signin" time="12.832"/>
  <testcase classname="utility.Autotest" name="searchItem" time="8.633"/>
  <testcase classname="utility.Autotest" name="addToCart" time="15.879"/>
  <testcase classname="utility.Autotest" name="logout" time="3.66"/>
</testsuite> <!-- Default test -->
